13:49:05.951 | [INFO] workflow.2
  └─ ============================================================
13:49:05.952 | [INFO] workflow.2
  └─ 🚀 워크플로우 시작
13:49:05.952 | [INFO] workflow.2
  └─ Issue #2: 사용자 프로필 기능
13:49:05.953 | [INFO] workflow.2
  └─ 작성자: testuser
13:49:05.953 | [INFO] workflow.2
  └─ ============================================================
13:49:05.954 | [DEBUG] workflow.2
  └─ 워크플로우 상태 초기화...
13:49:05.954 | [INFO] workflow.2
  └─ 현재 단계: spec
13:49:05.955 | [INFO] workflow.2
  └─ 
📄 Step 1/4: Spec 생성
13:49:05.963 | [INFO] workflow.2
  └─ ✅ Spec 생성 완료: specs\2-사용자-프로필-기능\spec.md
13:49:05.964 | [DEBUG] workflow.2
  └─ Slack 알림 전송 중...
13:49:06.509 | [INFO] workflow.2
  └─ 📱 Slack 알림 전송: #dev-team
13:49:06.510 | [INFO] workflow.2
  └─ ✅ Spec 리뷰 통과 (점수: 1.00)
13:49:06.510 | [INFO] workflow.2
  └─ 🔄 자동으로 다음 단계 진행...
